[0m18:11:26.288780 [debug] [MainThread]: Sending event: {'category': 'dbt', 'action': 'invocation', 'label': 'start', 'context': [<snowplow_tracker.self_describing_json.SelfDescribingJson object at 0x000001141ACF0388>, <snowplow_tracker.self_describing_json.SelfDescribingJson object at 0x000001141ACF0848>, <snowplow_tracker.self_describing_json.SelfDescribingJson object at 0x000001141ACF0AC8>]}


============================== 18:11:26.292932 | ebbdbfe6-2286-4359-a909-1273b0b48d6c ==============================
[0m18:11:26.292932 [info ] [MainThread]: Running with dbt=1.5.11
[0m18:11:26.293993 [debug] [MainThread]: running dbt with arguments {'printer_width': '80', 'indirect_selection': 'eager', 'write_json': 'True', 'log_cache_events': 'False', 'partial_parse': 'True', 'cache_selected_only': 'False', 'profiles_dir': 'C:\\Users\\yz255044\\.dbt', 'debug': 'False', 'warn_error': 'None', 'log_path': 'logs', 'fail_fast': 'False', 'version_check': 'True', 'use_colors': 'True', 'use_experimental_parser': 'False', 'no_print': 'None', 'quiet': 'False', 'log_format': 'default', 'static_parser': 'True', 'warn_error_options': 'WarnErrorOptions(include=[], exclude=[])', 'introspect': 'True', 'target_path': 'None', 'send_anonymous_usage_stats': 'True'}
[0m18:11:26.294981 [warn ] [MainThread]: [ConfigFolderDirectory]: Unable to parse dict {'dir': WindowsPath('C:/Users/yz255044/.dbt')}
[0m18:11:26.294981 [info ] [MainThread]: Creating dbt configuration folder at 
[0m18:11:55.498059 [debug] [MainThread]: Starter project path: c:\users\yz255044\appdata\local\programs\python\python37\lib\site-packages\dbt\include\starter_project
[0m18:12:14.299260 [info ] [MainThread]: Profile transformation written to C:\Users\yz255044\.dbt\profiles.yml using target's sample configuration. Once updated, you'll be able to start developing with dbt.
[0m18:12:14.300261 [info ] [MainThread]: 
Your new dbt project "transformation" was created!

For more information on how to configure the profiles.yml file,
please consult the dbt documentation here:

  https://docs.getdbt.com/docs/configure-your-profile

One more thing:

Need help? Don't hesitate to reach out to us via GitHub issues or on Slack:

  https://community.getdbt.com/

Happy modeling!

[0m18:12:14.304875 [debug] [MainThread]: Command `dbt init` succeeded at 18:12:14.303776 after 48.02 seconds
[0m18:12:14.304875 [debug] [MainThread]: Sending event: {'category': 'dbt', 'action': 'invocation', 'label': 'end', 'context': [<snowplow_tracker.self_describing_json.SelfDescribingJson object at 0x000001141467EFC8>, <snowplow_tracker.self_describing_json.SelfDescribingJson object at 0x000001141A883D08>, <snowplow_tracker.self_describing_json.SelfDescribingJson object at 0x000001141AD25E88>]}
[0m18:12:14.304875 [debug] [MainThread]: Flushing usage events
